1222
1 110
2 181
3 245
4 527
5 593
6 688
7 734
8 829
9 934
10 1039
11 1161
12 162
13 245
14 262
15 346
16 389
17 482
18 664
19 693
20 740
21 891
22 439
23 505
24 586
25 642
26 712
27 782
28 861
29 958
30 1063
31 1152
32 0
33 27
34 54
35 126
36 220
37 321
38 398
39 804
40 900
41 1014
42 1195
43 99
44 151
45 209
46 294
47 310
48 450
49 516
50 980
51 1085
52 1101
53 1175
54 85
55 112
56 202
57 280
58 346
59 363
60 461
61 483
62 545
63 625
64 1129
65 423
66 616
67 679
68 725
69 795
70 845
71 925
72 971
73 1076
74 1112
75 1186
76 79
77 174
78 274
79 375
80 476
81 557
82 658
83 753
84 877
85 991
86 1123
87 381
88 465
89 529
90 563
91 608
92 759
93 883
94 941
95 997
96 1041
97 570
98 625
99 664
100 689
101 735
102 766
103 830
104 1004
105 1129
106 1169
----------
%%%mzn-stat initTime=0.026622
%%%mzn-stat solveTime=180.1
%%%mzn-stat solutions=6
%%%mzn-stat variables=4268
%%%mzn-stat propagators=2660
%%%mzn-stat propagations=90182574
%%%mzn-stat nodes=976882
%%%mzn-stat failures=488373
%%%mzn-stat restarts=0
%%%mzn-stat peakDepth=121
%%%mzn-stat-end
