1668
1 0
2 44
3 115
4 182
5 238
6 349
7 641
8 853
9 1582
10 21
11 67
12 326
13 475
14 618
15 830
16 981
17 1143
18 1306
19 1462
20 1642
21 136
22 380
23 539
24 715
25 935
26 1075
27 1221
28 1416
29 1526
30 90
31 157
32 259
33 401
34 560
35 736
36 956
37 1096
38 1242
39 1437
40 1557
41 284
42 426
43 596
44 761
45 913
46 1121
47 1267
48 1394
49 1620
50 115
51 182
52 260
53 618
54 783
55 900
56 981
57 1143
58 1296
59 1582
60 468
61 585
62 681
63 797
64 893
65 1041
66 1166
67 1289
68 1383
69 310
70 452
71 522
72 698
73 814
74 1006
75 1058
76 1204
77 1353
78 1509
79 1604
80 0
81 22
82 65
83 93
84 213
85 1185
86 1297
87 1369
88 1462
89 1642
90 203
91 228
92 370
93 498
94 662
95 874
96 1022
97 1175
98 1329
99 1485
100 1547
----------
%%%mzn-stat initTime=0.021298
%%%mzn-stat solveTime=180.1
%%%mzn-stat solutions=9
%%%mzn-stat variables=4757
%%%mzn-stat propagators=2859
%%%mzn-stat propagations=113030342
%%%mzn-stat nodes=751618
%%%mzn-stat failures=375748
%%%mzn-stat restarts=0
%%%mzn-stat peakDepth=114
%%%mzn-stat-end
