1385
1 726
2 781
3 882
4 927
5 996
6 1079
7 1124
8 1166
9 1236
10 1277
11 1369
12 602
13 656
14 710
15 765
16 866
17 943
18 980
19 1063
20 1293
21 58
22 86
23 638
24 666
25 742
26 844
27 1095
28 1182
29 1199
30 1297
31 1330
32 7
33 24
34 107
35 747
36 1012
37 1029
38 1097
39 1252
40 1302
41 1353
42 493
43 556
44 614
45 685
46 823
47 955
48 1038
49 1140
50 1210
51 1311
52 0
53 17
54 34
55 51
56 100
57 117
58 182
59 216
60 233
61 273
62 307
63 82
64 133
65 198
66 249
67 289
68 365
69 389
70 418
71 458
72 58
73 137
74 162
75 320
76 422
77 462
78 512
79 537
80 633
81 742
82 797
83 162
84 253
85 314
86 340
87 393
88 433
89 473
90 842
91 901
92 1252
93 1332
94 517
95 575
96 659
97 797
98 898
99 1012
100 1095
101 1183
102 1340
----------
%%%mzn-stat initTime=0.026918
%%%mzn-stat solveTime=180.099
%%%mzn-stat solutions=11
%%%mzn-stat variables=4352
%%%mzn-stat propagators=2660
%%%mzn-stat propagations=119417165
%%%mzn-stat nodes=928789
%%%mzn-stat failures=464329
%%%mzn-stat restarts=0
%%%mzn-stat peakDepth=122
%%%mzn-stat-end
