1622
1 224
2 246
3 297
4 319
5 341
6 364
7 467
8 779
9 850
10 438
11 609
12 636
13 663
14 690
15 1029
16 1164
17 1278
18 1434
19 1479
20 3
21 130
22 321
23 343
24 735
25 781
26 805
27 1603
28 0
29 127
30 951
31 1051
32 1124
33 1141
34 1275
35 1326
36 1456
37 1567
38 17
39 45
40 73
41 101
42 144
43 172
44 1066
45 1186
46 1300
47 1506
48 188
49 210
50 232
51 254
52 276
53 298
54 320
55 342
56 755
57 198
58 227
59 256
60 285
61 364
62 438
63 467
64 531
65 1387
66 1479
67 374
68 396
69 418
70 477
71 499
72 543
73 575
74 1547
75 519
76 563
77 597
78 624
79 651
80 678
81 705
82 822
83 1422
84 1573
85 754
86 778
87 849
88 921
89 968
90 1253
91 1343
92 1542
93 728
94 798
95 869
96 895
97 988
98 1100
99 1210
100 1363
101 1596
102 934
103 1012
104 1083
105 1147
106 1234
107 1405
108 1462
109 1523
----------
%%%mzn-stat initTime=0.025045
%%%mzn-stat solveTime=180.107
%%%mzn-stat solutions=5
%%%mzn-stat variables=5086
%%%mzn-stat propagators=3002
%%%mzn-stat propagations=62650899
%%%mzn-stat nodes=200476
%%%mzn-stat failures=100169
%%%mzn-stat restarts=0
%%%mzn-stat peakDepth=109
%%%mzn-stat-end
