1461
1 0
2 24
3 48
4 72
5 96
6 120
7 144
8 168
9 192
10 216
11 13
12 37
13 61
14 109
15 181
16 259
17 275
18 482
19 792
20 257
21 290
22 356
23 420
24 881
25 1186
26 1232
27 1346
28 1366
29 372
30 505
31 582
32 717
33 831
34 896
35 1079
36 1256
37 1436
38 452
39 526
40 603
41 700
42 775
43 932
44 1032
45 1188
46 1282
47 1384
48 85
49 133
50 157
51 792
52 883
53 1004
54 1100
55 1139
56 1299
57 1428
58 309
59 359
60 469
61 543
62 1126
63 1235
64 1349
65 1414
66 230
67 293
68 393
69 487
70 633
71 738
72 917
73 1061
74 1205
75 1369
76 574
77 823
78 949
79 1049
80 1139
81 1248
82 1327
83 1427
84 623
85 689
86 764
87 854
88 965
89 1021
90 1116
91 1404
92 206
93 271
94 337
95 671
96 864
97 975
98 1054
99 1167
100 1277
101 327
102 435
103 561
104 661
105 810
106 993
107 1157
108 1317
----------
%%%mzn-stat initTime=0.02209
%%%mzn-stat solveTime=180.091
%%%mzn-stat solutions=10
%%%mzn-stat variables=4515
%%%mzn-stat propagators=2716
%%%mzn-stat propagations=135472730
%%%mzn-stat nodes=978049
%%%mzn-stat failures=488959
%%%mzn-stat restarts=0
%%%mzn-stat peakDepth=123
%%%mzn-stat-end
